<?xml version="1.0" encoding="UTF-8"?>
<!-- Generated by org.testng.reporters.JUnitReportReporter -->
<testsuite hostname="MarkPC" name="tests.ClassifierTest" tests="3" failures="0" timestamp="28 Sep 2015 09:37:01 GMT" time="0.015" errors="0">
  <testcase name="testNegativeIllegalTriangle3" time="0.000" classname="tests.ClassifierTest"/>
  <testcase name="testNegativeIllegalTriangle2" time="0.000" classname="tests.ClassifierTest"/>
  <testcase name="testNegativeIllegalTriangle1" time="0.015" classname="tests.ClassifierTest"/>
</testsuite> <!-- tests.ClassifierTest -->
