<?xml version="1.0" encoding="UTF-8"?>
<!-- Generated by org.testng.reporters.JUnitReportReporter -->
<testsuite hostname="MarkPC" name="itests.ExecutorTest" tests="3" failures="0" timestamp="28 Sep 2015 09:21:50 GMT" time="0.016" errors="0">
  <testcase name="testPositiveScalene" time="0.000" classname="itests.ExecutorTest"/>
  <testcase name="testPositiveEquilateral" time="0.016" classname="itests.ExecutorTest"/>
  <testcase name="testPositiveIsosceles" time="0.000" classname="itests.ExecutorTest"/>
</testsuite> <!-- itests.ExecutorTest -->
